2025-12-30 14:52:05.110 +03:00 [INF] SteelDesignerEngineer API starting...
2025-12-30 14:52:05.139 +03:00 [INF] Listening on: https://localhost:65030/, http://localhost:65031
2025-12-30 14:52:05.141 +03:00 [INF] Swagger UI доступен на: https://localhost:65030/swagger и http://localhost:65031/swagger
2025-12-30 14:52:05.292 +03:00 [INF] PageContentRepository initialized. Database: SteelDesignerEngineerDB, Collection: PageContent
2025-12-30 14:52:06.178 +03:00 [ERR] Failed to insert/upsert PageContent: home
MongoDB.Driver.MongoWriteException: A write operation resulted in an error. WriteError: { Category : "Uncategorized", Code : 66, Message : "After applying the update, the (immutable) field '_id' was found to have been altered to _id: BinData(3, 5EE8096FA33E104A98980F345226839C)" }.
 ---> MongoDB.Driver.MongoBulkWriteException`1[SteelDesignerEngineer.Domain.Entities.PageContent]: A bulk write operation resulted in one or more errors. WriteErrors: [ { Category : "Uncategorized", Code : 66, Message : "After applying the update, the (immutable) field '_id' was found to have been altered to _id: BinData(3, 5EE8096FA33E104A98980F345226839C)" } ].
   at MongoDB.Driver.MongoCollectionImpl`1.BulkWriteAsync(IClientSessionHandle session, IEnumerable`1 requests, BulkWriteOptions options, CancellationToken cancellationToken)
   at MongoDB.Driver.MongoCollectionImpl`1.UsingImplicitSessionAsync[TResult](Func`2 funcAsync, CancellationToken cancellationToken)
   at MongoDB.Driver.MongoCollectionBase`1.ReplaceOneAsync(FilterDefinition`1 filter, TDocument replacement, ReplaceOptions options, Func`3 bulkWriteAsync)
   --- End of inner exception stack trace ---
   at MongoDB.Driver.MongoCollectionBase`1.ReplaceOneAsync(FilterDefinition`1 filter, TDocument replacement, ReplaceOptions options, Func`3 bulkWriteAsync)
   at SteelDesignerEngineer.Data.MongoDB.PageContentRepository.CreateAsync(PageContent pageContent) in C:\Users\n.shchegolev\Desktop\steel-designer-engineer_v2\SteelDesignerEngineer.Data\MongoDB\PageContentRepository.cs:line 59
2025-12-30 14:52:06.245 +03:00 [ERR] Error while creating PageContent: home
MongoDB.Driver.MongoWriteException: A write operation resulted in an error. WriteError: { Category : "Uncategorized", Code : 66, Message : "After applying the update, the (immutable) field '_id' was found to have been altered to _id: BinData(3, 5EE8096FA33E104A98980F345226839C)" }.
 ---> MongoDB.Driver.MongoBulkWriteException`1[SteelDesignerEngineer.Domain.Entities.PageContent]: A bulk write operation resulted in one or more errors. WriteErrors: [ { Category : "Uncategorized", Code : 66, Message : "After applying the update, the (immutable) field '_id' was found to have been altered to _id: BinData(3, 5EE8096FA33E104A98980F345226839C)" } ].
   at MongoDB.Driver.MongoCollectionImpl`1.BulkWriteAsync(IClientSessionHandle session, IEnumerable`1 requests, BulkWriteOptions options, CancellationToken cancellationToken)
   at MongoDB.Driver.MongoCollectionImpl`1.UsingImplicitSessionAsync[TResult](Func`2 funcAsync, CancellationToken cancellationToken)
   at MongoDB.Driver.MongoCollectionBase`1.ReplaceOneAsync(FilterDefinition`1 filter, TDocument replacement, ReplaceOptions options, Func`3 bulkWriteAsync)
   --- End of inner exception stack trace ---
   at MongoDB.Driver.MongoCollectionBase`1.ReplaceOneAsync(FilterDefinition`1 filter, TDocument replacement, ReplaceOptions options, Func`3 bulkWriteAsync)
   at SteelDesignerEngineer.Data.MongoDB.PageContentRepository.CreateAsync(PageContent pageContent) in C:\Users\n.shchegolev\Desktop\steel-designer-engineer_v2\SteelDesignerEngineer.Data\MongoDB\PageContentRepository.cs:line 59
   at SteelDesignerEngineer.Infrastructure.Services.PageContentService.CreatePageContentAsync(PageContent pageContent) in C:\Users\n.shchegolev\Desktop\steel-designer-engineer_v2\SteelDesignerEngineer.Infrastructure\Services\PageContentService.cs:line 72
2025-12-30 14:52:06.346 +03:00 [ERR] Error seeding default page on startup
MongoDB.Driver.MongoWriteException: A write operation resulted in an error. WriteError: { Category : "Uncategorized", Code : 66, Message : "After applying the update, the (immutable) field '_id' was found to have been altered to _id: BinData(3, 5EE8096FA33E104A98980F345226839C)" }.
 ---> MongoDB.Driver.MongoBulkWriteException`1[SteelDesignerEngineer.Domain.Entities.PageContent]: A bulk write operation resulted in one or more errors. WriteErrors: [ { Category : "Uncategorized", Code : 66, Message : "After applying the update, the (immutable) field '_id' was found to have been altered to _id: BinData(3, 5EE8096FA33E104A98980F345226839C)" } ].
   at MongoDB.Driver.MongoCollectionImpl`1.BulkWriteAsync(IClientSessionHandle session, IEnumerable`1 requests, BulkWriteOptions options, CancellationToken cancellationToken)
   at MongoDB.Driver.MongoCollectionImpl`1.UsingImplicitSessionAsync[TResult](Func`2 funcAsync, CancellationToken cancellationToken)
   at MongoDB.Driver.MongoCollectionBase`1.ReplaceOneAsync(FilterDefinition`1 filter, TDocument replacement, ReplaceOptions options, Func`3 bulkWriteAsync)
   --- End of inner exception stack trace ---
   at MongoDB.Driver.MongoCollectionBase`1.ReplaceOneAsync(FilterDefinition`1 filter, TDocument replacement, ReplaceOptions options, Func`3 bulkWriteAsync)
   at SteelDesignerEngineer.Data.MongoDB.PageContentRepository.CreateAsync(PageContent pageContent) in C:\Users\n.shchegolev\Desktop\steel-designer-engineer_v2\SteelDesignerEngineer.Data\MongoDB\PageContentRepository.cs:line 59
   at SteelDesignerEngineer.Infrastructure.Services.PageContentService.CreatePageContentAsync(PageContent pageContent) in C:\Users\n.shchegolev\Desktop\steel-designer-engineer_v2\SteelDesignerEngineer.Infrastructure\Services\PageContentService.cs:line 72
   at SteelDesignerEngineer.Application.Services.PageContentApplicationService.CreatePageContentAsync(PageContent pageContent) in C:\Users\n.shchegolev\Desktop\steel-designer-engineer_v2\SteelDesignerEngineer.Application\Services\PageContentApplicationService.cs:line 63
   at Program.Main(String[] args) in C:\Users\n.shchegolev\Desktop\steel-designer-engineer_v2\SteelDesignerEngineer\Program.cs:line 116
2025-12-30 14:52:06.365 +03:00 [INF] Main site: http://localhost:65031 (or https://localhost:65030)
2025-12-30 14:52:06.366 +03:00 [INF] Default page URL: http://localhost:65031/ (serves static index) or API: https://localhost:65030/api/PageContent/by-name/home
2025-12-30 14:52:06.374 +03:00 [INF] MessageHandlerHostedService запускается...
2025-12-30 14:52:06.375 +03:00 [INF] Все обработчики сообщений успешно запущены и подписаны
2025-12-30 14:53:08.966 +03:00 [INF] SteelDesignerEngineer API starting...
2025-12-30 14:53:09.022 +03:00 [INF] Listening on: https://localhost:65030/, http://localhost:65031
2025-12-30 14:53:09.025 +03:00 [INF] Swagger UI доступен на: https://localhost:65030/swagger и http://localhost:65031/swagger
2025-12-30 14:53:09.218 +03:00 [INF] PageContentRepository initialized. Database: SteelDesignerEngineerDB, Collection: PageContent
2025-12-30 14:53:09.961 +03:00 [INF] Upserted PageContent: home (Id: "76595d00-8723-4e4b-abea-1c6ca228c149")
2025-12-30 14:53:09.963 +03:00 [INF] PageContent created: home (Id: "76595d00-8723-4e4b-abea-1c6ca228c149")
2025-12-30 14:53:10.029 +03:00 [INF] Cached default page in Redis: page:home
2025-12-30 14:53:10.091 +03:00 [INF] Published page_content_created for page: home
2025-12-30 14:53:10.093 +03:00 [INF] Main site: http://localhost:65031 (or https://localhost:65030)
2025-12-30 14:53:10.096 +03:00 [INF] Default page URL: http://localhost:65031/ (serves static index) or API: https://localhost:65030/api/PageContent/by-name/home
2025-12-30 14:53:10.108 +03:00 [INF] MessageHandlerHostedService запускается...
2025-12-30 14:53:10.110 +03:00 [INF] Все обработчики сообщений успешно запущены и подписаны
2025-12-30 15:08:09.641 +03:00 [INF] SteelDesignerEngineer API starting...
2025-12-30 15:08:09.666 +03:00 [INF] Listening on: https://localhost:65030/, http://localhost:65031
2025-12-30 15:08:09.667 +03:00 [INF] Swagger UI доступен на: https://localhost:65030/swagger и http://localhost:65031/swagger
2025-12-30 15:08:10.399 +03:00 [INF] PageContentRepository initialized. Database: SteelDesignerEngineerDB, Collection: PageContent
2025-12-30 15:08:11.241 +03:00 [ERR] Failed to insert/upsert PageContent: home
MongoDB.Driver.MongoWriteException: A write operation resulted in an error. WriteError: { Category : "Uncategorized", Code : 66, Message : "After applying the update, the (immutable) field '_id' was found to have been altered to _id: BinData(3, 9E4FC0590E2D5649BFC0159C2E7BB5A9)" }.
 ---> MongoDB.Driver.MongoBulkWriteException`1[SteelDesignerEngineer.Domain.Entities.PageContent]: A bulk write operation resulted in one or more errors. WriteErrors: [ { Category : "Uncategorized", Code : 66, Message : "After applying the update, the (immutable) field '_id' was found to have been altered to _id: BinData(3, 9E4FC0590E2D5649BFC0159C2E7BB5A9)" } ].
   at MongoDB.Driver.MongoCollectionImpl`1.BulkWriteAsync(IClientSessionHandle session, IEnumerable`1 requests, BulkWriteOptions options, CancellationToken cancellationToken)
   at MongoDB.Driver.MongoCollectionImpl`1.UsingImplicitSessionAsync[TResult](Func`2 funcAsync, CancellationToken cancellationToken)
   at MongoDB.Driver.MongoCollectionBase`1.ReplaceOneAsync(FilterDefinition`1 filter, TDocument replacement, ReplaceOptions options, Func`3 bulkWriteAsync)
   --- End of inner exception stack trace ---
   at MongoDB.Driver.MongoCollectionBase`1.ReplaceOneAsync(FilterDefinition`1 filter, TDocument replacement, ReplaceOptions options, Func`3 bulkWriteAsync)
   at SteelDesignerEngineer.Data.MongoDB.PageContentRepository.CreateAsync(PageContent pageContent) in C:\Users\n.shchegolev\Desktop\steel-designer-engineer_v2\SteelDesignerEngineer.Data\MongoDB\PageContentRepository.cs:line 59
2025-12-30 15:08:11.306 +03:00 [ERR] Error while creating PageContent: home
MongoDB.Driver.MongoWriteException: A write operation resulted in an error. WriteError: { Category : "Uncategorized", Code : 66, Message : "After applying the update, the (immutable) field '_id' was found to have been altered to _id: BinData(3, 9E4FC0590E2D5649BFC0159C2E7BB5A9)" }.
 ---> MongoDB.Driver.MongoBulkWriteException`1[SteelDesignerEngineer.Domain.Entities.PageContent]: A bulk write operation resulted in one or more errors. WriteErrors: [ { Category : "Uncategorized", Code : 66, Message : "After applying the update, the (immutable) field '_id' was found to have been altered to _id: BinData(3, 9E4FC0590E2D5649BFC0159C2E7BB5A9)" } ].
   at MongoDB.Driver.MongoCollectionImpl`1.BulkWriteAsync(IClientSessionHandle session, IEnumerable`1 requests, BulkWriteOptions options, CancellationToken cancellationToken)
   at MongoDB.Driver.MongoCollectionImpl`1.UsingImplicitSessionAsync[TResult](Func`2 funcAsync, CancellationToken cancellationToken)
   at MongoDB.Driver.MongoCollectionBase`1.ReplaceOneAsync(FilterDefinition`1 filter, TDocument replacement, ReplaceOptions options, Func`3 bulkWriteAsync)
   --- End of inner exception stack trace ---
   at MongoDB.Driver.MongoCollectionBase`1.ReplaceOneAsync(FilterDefinition`1 filter, TDocument replacement, ReplaceOptions options, Func`3 bulkWriteAsync)
   at SteelDesignerEngineer.Data.MongoDB.PageContentRepository.CreateAsync(PageContent pageContent) in C:\Users\n.shchegolev\Desktop\steel-designer-engineer_v2\SteelDesignerEngineer.Data\MongoDB\PageContentRepository.cs:line 59
   at SteelDesignerEngineer.Infrastructure.Services.PageContentService.CreatePageContentAsync(PageContent pageContent) in C:\Users\n.shchegolev\Desktop\steel-designer-engineer_v2\SteelDesignerEngineer.Infrastructure\Services\PageContentService.cs:line 72
2025-12-30 15:08:11.387 +03:00 [ERR] Error seeding default page on startup
MongoDB.Driver.MongoWriteException: A write operation resulted in an error. WriteError: { Category : "Uncategorized", Code : 66, Message : "After applying the update, the (immutable) field '_id' was found to have been altered to _id: BinData(3, 9E4FC0590E2D5649BFC0159C2E7BB5A9)" }.
 ---> MongoDB.Driver.MongoBulkWriteException`1[SteelDesignerEngineer.Domain.Entities.PageContent]: A bulk write operation resulted in one or more errors. WriteErrors: [ { Category : "Uncategorized", Code : 66, Message : "After applying the update, the (immutable) field '_id' was found to have been altered to _id: BinData(3, 9E4FC0590E2D5649BFC0159C2E7BB5A9)" } ].
   at MongoDB.Driver.MongoCollectionImpl`1.BulkWriteAsync(IClientSessionHandle session, IEnumerable`1 requests, BulkWriteOptions options, CancellationToken cancellationToken)
   at MongoDB.Driver.MongoCollectionImpl`1.UsingImplicitSessionAsync[TResult](Func`2 funcAsync, CancellationToken cancellationToken)
   at MongoDB.Driver.MongoCollectionBase`1.ReplaceOneAsync(FilterDefinition`1 filter, TDocument replacement, ReplaceOptions options, Func`3 bulkWriteAsync)
   --- End of inner exception stack trace ---
   at MongoDB.Driver.MongoCollectionBase`1.ReplaceOneAsync(FilterDefinition`1 filter, TDocument replacement, ReplaceOptions options, Func`3 bulkWriteAsync)
   at SteelDesignerEngineer.Data.MongoDB.PageContentRepository.CreateAsync(PageContent pageContent) in C:\Users\n.shchegolev\Desktop\steel-designer-engineer_v2\SteelDesignerEngineer.Data\MongoDB\PageContentRepository.cs:line 59
   at SteelDesignerEngineer.Infrastructure.Services.PageContentService.CreatePageContentAsync(PageContent pageContent) in C:\Users\n.shchegolev\Desktop\steel-designer-engineer_v2\SteelDesignerEngineer.Infrastructure\Services\PageContentService.cs:line 72
   at SteelDesignerEngineer.Application.Services.PageContentApplicationService.CreatePageContentAsync(PageContent pageContent) in C:\Users\n.shchegolev\Desktop\steel-designer-engineer_v2\SteelDesignerEngineer.Application\Services\PageContentApplicationService.cs:line 64
   at Program.Main(String[] args) in C:\Users\n.shchegolev\Desktop\steel-designer-engineer_v2\SteelDesignerEngineer\Program.cs:line 116
2025-12-30 15:08:11.404 +03:00 [INF] Main site: http://localhost:65031 (or https://localhost:65030)
2025-12-30 15:08:11.405 +03:00 [INF] Default page URL: http://localhost:65031/ (serves static index) or API: https://localhost:65030/api/PageContent/by-name/home
2025-12-30 15:08:11.414 +03:00 [INF] MessageHandlerHostedService запускается...
2025-12-30 15:08:11.414 +03:00 [INF] Все обработчики сообщений успешно запущены и подписаны
2025-12-30 15:26:34.987 +03:00 [INF] SteelDesignerEngineer API starting...
2025-12-30 15:26:35.019 +03:00 [INF] Listening on: https://localhost:65030/, http://localhost:65031
2025-12-30 15:26:35.021 +03:00 [INF] Swagger UI доступен на: https://localhost:65030/swagger и http://localhost:65031/swagger
2025-12-30 15:26:35.230 +03:00 [INF] PageContentRepository initialized. Database: SteelDesignerEngineerDB, Collection: PageContent
2025-12-30 15:26:36.034 +03:00 [ERR] Failed to insert/upsert PageContent: home
MongoDB.Driver.MongoWriteException: A write operation resulted in an error. WriteError: { Category : "Uncategorized", Code : 66, Message : "After applying the update, the (immutable) field '_id' was found to have been altered to _id: BinData(3, 791DA6DE681BF34B836E4C1696597D4D)" }.
 ---> MongoDB.Driver.MongoBulkWriteException`1[SteelDesignerEngineer.Domain.Entities.PageContent]: A bulk write operation resulted in one or more errors. WriteErrors: [ { Category : "Uncategorized", Code : 66, Message : "After applying the update, the (immutable) field '_id' was found to have been altered to _id: BinData(3, 791DA6DE681BF34B836E4C1696597D4D)" } ].
   at MongoDB.Driver.MongoCollectionImpl`1.BulkWriteAsync(IClientSessionHandle session, IEnumerable`1 requests, BulkWriteOptions options, CancellationToken cancellationToken)
   at MongoDB.Driver.MongoCollectionImpl`1.UsingImplicitSessionAsync[TResult](Func`2 funcAsync, CancellationToken cancellationToken)
   at MongoDB.Driver.MongoCollectionBase`1.ReplaceOneAsync(FilterDefinition`1 filter, TDocument replacement, ReplaceOptions options, Func`3 bulkWriteAsync)
   --- End of inner exception stack trace ---
   at MongoDB.Driver.MongoCollectionBase`1.ReplaceOneAsync(FilterDefinition`1 filter, TDocument replacement, ReplaceOptions options, Func`3 bulkWriteAsync)
   at SteelDesignerEngineer.Data.MongoDB.PageContentRepository.CreateAsync(PageContent pageContent) in C:\Users\n.shchegolev\Desktop\steel-designer-engineer_v2\SteelDesignerEngineer.Data\MongoDB\PageContentRepository.cs:line 59
2025-12-30 15:26:36.125 +03:00 [ERR] Error while creating PageContent: home
MongoDB.Driver.MongoWriteException: A write operation resulted in an error. WriteError: { Category : "Uncategorized", Code : 66, Message : "After applying the update, the (immutable) field '_id' was found to have been altered to _id: BinData(3, 791DA6DE681BF34B836E4C1696597D4D)" }.
 ---> MongoDB.Driver.MongoBulkWriteException`1[SteelDesignerEngineer.Domain.Entities.PageContent]: A bulk write operation resulted in one or more errors. WriteErrors: [ { Category : "Uncategorized", Code : 66, Message : "After applying the update, the (immutable) field '_id' was found to have been altered to _id: BinData(3, 791DA6DE681BF34B836E4C1696597D4D)" } ].
   at MongoDB.Driver.MongoCollectionImpl`1.BulkWriteAsync(IClientSessionHandle session, IEnumerable`1 requests, BulkWriteOptions options, CancellationToken cancellationToken)
   at MongoDB.Driver.MongoCollectionImpl`1.UsingImplicitSessionAsync[TResult](Func`2 funcAsync, CancellationToken cancellationToken)
   at MongoDB.Driver.MongoCollectionBase`1.ReplaceOneAsync(FilterDefinition`1 filter, TDocument replacement, ReplaceOptions options, Func`3 bulkWriteAsync)
   --- End of inner exception stack trace ---
   at MongoDB.Driver.MongoCollectionBase`1.ReplaceOneAsync(FilterDefinition`1 filter, TDocument replacement, ReplaceOptions options, Func`3 bulkWriteAsync)
   at SteelDesignerEngineer.Data.MongoDB.PageContentRepository.CreateAsync(PageContent pageContent) in C:\Users\n.shchegolev\Desktop\steel-designer-engineer_v2\SteelDesignerEngineer.Data\MongoDB\PageContentRepository.cs:line 59
   at SteelDesignerEngineer.Infrastructure.Services.PageContentService.CreatePageContentAsync(PageContent pageContent) in C:\Users\n.shchegolev\Desktop\steel-designer-engineer_v2\SteelDesignerEngineer.Infrastructure\Services\PageContentService.cs:line 72
2025-12-30 15:26:36.216 +03:00 [ERR] Error seeding default page on startup
MongoDB.Driver.MongoWriteException: A write operation resulted in an error. WriteError: { Category : "Uncategorized", Code : 66, Message : "After applying the update, the (immutable) field '_id' was found to have been altered to _id: BinData(3, 791DA6DE681BF34B836E4C1696597D4D)" }.
 ---> MongoDB.Driver.MongoBulkWriteException`1[SteelDesignerEngineer.Domain.Entities.PageContent]: A bulk write operation resulted in one or more errors. WriteErrors: [ { Category : "Uncategorized", Code : 66, Message : "After applying the update, the (immutable) field '_id' was found to have been altered to _id: BinData(3, 791DA6DE681BF34B836E4C1696597D4D)" } ].
   at MongoDB.Driver.MongoCollectionImpl`1.BulkWriteAsync(IClientSessionHandle session, IEnumerable`1 requests, BulkWriteOptions options, CancellationToken cancellationToken)
   at MongoDB.Driver.MongoCollectionImpl`1.UsingImplicitSessionAsync[TResult](Func`2 funcAsync, CancellationToken cancellationToken)
   at MongoDB.Driver.MongoCollectionBase`1.ReplaceOneAsync(FilterDefinition`1 filter, TDocument replacement, ReplaceOptions options, Func`3 bulkWriteAsync)
   --- End of inner exception stack trace ---
   at MongoDB.Driver.MongoCollectionBase`1.ReplaceOneAsync(FilterDefinition`1 filter, TDocument replacement, ReplaceOptions options, Func`3 bulkWriteAsync)
   at SteelDesignerEngineer.Data.MongoDB.PageContentRepository.CreateAsync(PageContent pageContent) in C:\Users\n.shchegolev\Desktop\steel-designer-engineer_v2\SteelDesignerEngineer.Data\MongoDB\PageContentRepository.cs:line 59
   at SteelDesignerEngineer.Infrastructure.Services.PageContentService.CreatePageContentAsync(PageContent pageContent) in C:\Users\n.shchegolev\Desktop\steel-designer-engineer_v2\SteelDesignerEngineer.Infrastructure\Services\PageContentService.cs:line 72
   at SteelDesignerEngineer.Application.Services.PageContentApplicationService.CreatePageContentAsync(PageContent pageContent) in C:\Users\n.shchegolev\Desktop\steel-designer-engineer_v2\SteelDesignerEngineer.Application\Services\PageContentApplicationService.cs:line 64
   at Program.Main(String[] args) in C:\Users\n.shchegolev\Desktop\steel-designer-engineer_v2\SteelDesignerEngineer\Program.cs:line 116
2025-12-30 15:26:36.220 +03:00 [INF] Main site: http://localhost:65031 (or https://localhost:65030)
2025-12-30 15:26:36.221 +03:00 [INF] Default page URL: http://localhost:65031/ (serves static index) or API: https://localhost:65030/api/PageContent/by-name/home
2025-12-30 15:26:36.231 +03:00 [INF] MessageHandlerHostedService запускается...
2025-12-30 15:26:36.232 +03:00 [INF] Все обработчики сообщений успешно запущены и подписаны
2025-12-30 15:40:55.346 +03:00 [INF] SteelDesignerEngineer API starting...
2025-12-30 15:40:55.399 +03:00 [INF] Listening on: https://localhost:65030/, http://localhost:65031
2025-12-30 15:40:55.402 +03:00 [INF] Swagger UI доступен на: https://localhost:65030/swagger и http://localhost:65031/swagger
2025-12-30 15:40:55.707 +03:00 [INF] PageContentRepository initialized. Database: SteelDesignerEngineerDB, Collection: PageContent
2025-12-30 15:40:56.685 +03:00 [INF] Upserted PageContent: home (Id: "76582f9a-189c-4d62-919f-f083f8e1a682")
2025-12-30 15:40:56.690 +03:00 [INF] PageContent created: home (Id: "76582f9a-189c-4d62-919f-f083f8e1a682")
2025-12-30 15:40:56.773 +03:00 [INF] Cached default page in Redis: page:home
2025-12-30 15:40:56.840 +03:00 [INF] Published page_content_created for page: home
2025-12-30 15:40:56.843 +03:00 [INF] Main site: http://localhost:65031 (or https://localhost:65030)
2025-12-30 15:40:56.847 +03:00 [INF] Default page URL: http://localhost:65031/ (serves static index) or API: https://localhost:65030/api/PageContent/by-name/home
2025-12-30 15:40:56.873 +03:00 [INF] MessageHandlerHostedService запускается...
2025-12-30 15:40:56.888 +03:00 [INF] Все обработчики сообщений успешно запущены и подписаны
